  main.cpp
c:\program files (x86)\windows kits\10\include\10.0.16299.0\shared\minwindef.h(130): warning C4005: 'APIENTRY': macro redefinition
  c:\users\user\desktop\personal\glfw-3.2.1.bin.win32\include\glfw\glfw3.h(98): note: see previous definition of 'APIENTRY'
c:\users\user\source\repos\audiovisualizer\audiovisualizer\vector.h(141): warning C4244: 'return': conversion from 'double' to 'float', possible loss of data
c:\users\user\source\repos\audiovisualizer\audiovisualizer\matrix.h(189): warning C4244: 'initializing': conversion from 'double' to 'float', possible loss of data
c:\users\user\source\repos\audiovisualizer\audiovisualizer\matrix.h(190): warning C4244: 'initializing': conversion from 'double' to 'float', possible loss of data
c:\users\user\source\repos\audiovisualizer\audiovisualizer\audiovisualizer.h(57): warning C4244: '=': conversion from 'double' to 'float', possible loss of data
c:\users\user\source\repos\audiovisualizer\audiovisualizer\audiovisualizer.h(58): warning C4244: '=': conversion from 'double' to 'float', possible loss of data
c:\users\user\source\repos\audiovisualizer\audiovisualizer\audiovisualizer.h(124): warning C4101: 'version': unreferenced local variable
c:\users\user\source\repos\audiovisualizer\audiovisualizer\audiovisualizer.h(218): warning C4244: '=': conversion from 'double' to 'float', possible loss of data
c:\users\user\source\repos\audiovisualizer\audiovisualizer\audiovisualizer.h(219): warning C4244: '=': conversion from 'double' to 'float', possible loss of data
c:\users\user\source\repos\audiovisualizer\audiovisualizer\audiovisualizer.h(222): warning C4244: '=': conversion from 'double' to 'float', possible loss of data
c:\users\user\source\repos\audiovisualizer\audiovisualizer\audiovisualizer.h(223): warning C4244: '=': conversion from 'double' to 'float', possible loss of data
c:\users\user\source\repos\audiovisualizer\audiovisualizer\audiovisualizer.h(367): warning C4305: '-=': truncation from 'double' to 'float'
c:\users\user\source\repos\audiovisualizer\audiovisualizer\main.cpp(38): warning C4244: '=': conversion from 'double' to 'int', possible loss of data
c:\users\user\source\repos\audiovisualizer\audiovisualizer\main.cpp(39): warning C4244: '=': conversion from 'double' to 'int', possible loss of data
c:\users\user\source\repos\audiovisualizer\audiovisualizer\main.cpp(43): warning C4244: 'initializing': conversion from 'double' to 'int', possible loss of data
c:\users\user\source\repos\audiovisualizer\audiovisualizer\main.cpp(44): warning C4244: 'initializing': conversion from 'double' to 'int', possible loss of data
c:\users\user\source\repos\audiovisualizer\audiovisualizer\main.cpp(45): warning C4244: '=': conversion from 'double' to 'int', possible loss of data
  AudioVisualizer.vcxproj -> C:\Users\User\source\repos\AudioVisualizer\Debug\AudioVisualizer.exe
